INFO:root:Encrypted Output: b'gAAAAABkGIA7cyAc_NQ9fVDRb11IefNsxb4fVsAbXr2FsNcc6hzberdfxEcd9LEn_DrbQDbubGkmqOyyuhsekRKyJTwl1rLTYFQeimRR1Zu__EgDv4LmdLMPzMJrWz2poveHUmSiLvY6qnQFEyMr5aBUOHKEdhk_DOacZk4nUTdPKH_NrSqyZSY='
INFO:root:Encrypted Output: b'gAAAAABkGIA7PVeaJ6TjOSiFrBLRFkreEqDKgYKOFanP8ebTBeL5OJ4jZR_usRfpCJwC2h__dbktpbRd77g7BpwO5LsESTvFSLHDDn3e4VEU34uzoKCmN_VxAGtDA8l0pbOcedrG_eEFmoynsOcO1-8rHaYn7XeWqhu9A8Phjmxy8I6eh7AM0idlbS5pbzV2diWfAospRqMD'
INFO:root:Encrypted Output: b'gAAAAABkGIA7clcOM2vz3QlBmxPB2q_nKqDnahy8A9eS36vdoMPAh4A30xOP0viJ3xgjjE7khOJLeXdYgIYstVodEAhsVZjDo8PNtuEyCk-ZHJmgQYJY2cM-uLoKqAbMiAbI9QUaXWaqcIkJ3D1_xYjiehRqJH-r2g=='
INFO:root:Encrypted Output: b'gAAAAABkGIA7oxm-BOpO0y2y7nA7Na6bOnLUHkg3luQQbKFyPwybUzW4pdYaOJj_WTjE-zFbf05OiiG0u3zdqgBLBi3qO7EyNMK10qPTbgps0lsFSKJXbzBMkXS-ZPIa1Q6wg13HCO4Wu-h9UkLIhH7JjwkjcgoUgA=='
INFO:root:Encrypted Output: b'gAAAAABkGIBPx4SLtCfxGlCSTQ-VV8-UVqUmz4LwAu2xjmoJLfMsMfJ34G3XuNz-khJXH9al68Qvjo7AGTyiDfn2m5toIYZBFY-b3YJGeD_ivN-qCAc_xzjRBmSxycwIpAMtS7lIImsQi_q9sm4cI2WD0A2K65sXHV4Tduk50O9LSZyhH61XcJo='
INFO:root:Encrypted Output: b'gAAAAABkGIBPWZaXgg6PoXBHCfNcQ1YKhXewlQAIZRCGcTROoCvGHGRM7ZAk7H1O2ofroHYDHUk2mKVE8SSXIrTIW3L59mMdmby8Swm8OeK01ykqLsoZZJVknBWeeDzZNT5LZhRFPCh6wYzDuZLRAGW0H-_Mhy_85tQI_F_v1dptKm9ryS99y8eR4JoUQfwqVGNb-9Jui26U'
INFO:root:Encrypted Output: b'gAAAAABkGIBP3N-y81vsvyqvaOLZ6AL4uOfRsNmqthMCJ9DSeF-gawNwR6XTxAkKBZPxFVSJwyqxtAz3caCK-KuoQ6f5LjOo2Fa_8mH3UC-DvfzdELSckBiotn_PosZ42oduj5wX90y-zycOMU0fBBiD9p1hTUUYkA=='
INFO:root:Encrypted Output: b'gAAAAABkGIBPwPZ4NSbSOjCXI1_yEtzQO50Af-bDmHCYbr1k8TRDm1E9KMt25nw57tOdhsdiEKhJK_7cepU8pBaugDPaRYNJAzku2y7lTPJky_65IHviVCfpaPDtIzop8imbk56ziMonkBbEhI-l6YdwyZ4z7V_IwA=='
INFO:root:Encrypted Output: b'gAAAAABkGICKsQ88J5j_ngvMup_CHZ8F_ASq5szS58e6Bo_xkIhPKnzh6l4Ldd2gx5lFCpdY0eOvybDdsJcEwvKNM4_6ahVH2oK842su2Cvihzavw51IZ45uMxQjpqqGw4kwWwEkko3Ic8gLAZgQd-QRIKVjq7oB1w=='
INFO:root:Encrypted Output: b'gAAAAABkGICKU_HlyLFzAM0e88BfniOZn2YD2sFTRWGpCQ4HJpbcfbBlhGshkjOPfKB0MzTKiKaBxJW-l2u4apaxLbYkGZ_7Sjspb4y0ePFU8qhy1Ou7P5T26v1JnsEBxE2Gc2oZDJl3vuQvVlSIpH6Rfns-bRXIIpcYnrcWcPBVHiqVsbLHYjc='
INFO:root:Encrypted Output: b'gAAAAABkGIC7XbxcNhjAHc8ODm65m3-cYMMbbH7vS-fPl_aoS4L3Tc4n-uy5sMQ1HAIzxu82yM-VqO2d-I3iWcoIAkmhNTc--4Cv5emz2XqkciqFiZHkqc3A-2egrw5fdDsmKTAppr4z-ycs360iq9dWsyJ3CK1dDA=='
INFO:root:Encrypted Output: b'gAAAAABkGIC7X-4iOQ4Sj_rSa0V_l6-3aG5Tze2wGpGg6Ugj0EtSUgrh2hgKezsrNS8M4kBZy_8uOiet2ZO_EomnQ2Nwb_oczCP_5AUA6uaEXmGpSYVi6PEKfR8b-qtEjmS6N1iTD7l8CCj5amesgd8fawkuGEzvkqE80SigoP8aHHKYAoAcgbo='
INFO:root:Encrypted Output: b'gAAAAABkGIDXsAbW4vom8U5YgaPLbPeTJQE5UVwQj7R0RtBVCUK_3lKqc0Soj3bz31iHcqMq2KzQAOWhhN32LKO7_Z8TbQ263e6zWT2Hiz8JOd-K49bAtHwh0HNjk4yMsFpl21tlpJK35UQqSlZbRT0_JLS5BQxL1BbA_J9nXlA_FnJHAzBqDTI='
INFO:root:Encrypted Output: b'gAAAAABkGIDaKBVvM0Lx1qYUEJYoBP2Eh3SglHdXv0pFLnGLFcXOQqgTje5tpiSgjAzDZ76f2TfZw2GdgqTAGIKtdBPzTMwvpv4sxVVHZeySVU8mhtT0gKWr3FEcN1Zbzg9nt1Wf_dj6yapbg-B21bcplI2FREdTR7UEZGvhuDOlZqoojXXq_So='
INFO:root:Encrypted Output: b'gAAAAABkGIDaxjR_lT1DNbS8rPW1RchNXLzGXfAhyzMHGry2LuA4RRhVlTYt_hSh9QLXYOHJN5iGoMJUr0knylRJTw9iFzMOaD_MN81PXPtTbUqUYKRZkdcQ2g2MmRoqOS1gTa3PXfJwKQtZp8vywL54Ksvb8qn0xg=='
INFO:root:Encrypted Output: b'gAAAAABkGIDamsLGaWeq2KzGrO246UcUwB6n1k30wc6rQF0MeobEHO52xWXMOCL9nHwWJukY5kEHTlnZa54oQj4L8pmUnSaECYLayx4E-oUmBcWk4SeWqhlJ0JHVd_uY8ez0zzNEPvhpMCP6gEZPopZ6nTwyMF040-_ir6a4z7XAfT1OmKQAAfc='
INFO:root:Encrypted Output: b'gAAAAABkGIDaVcoyPIONiKNGvNHMV5Y5fL8NHwLMkTQ3pGeLelHTWL8RgHhNqaG_DWED3SamwKTVQrny_e3x3nKxiMRekcfOw2nDmTSxMEnoBLbuOkK07lJyw7PpbYf9g28bfmW5MKvIbIpvJtW_8BduLhTznZ6Rj4XHr6sx-3avX6lkqbjax9g='
ERROR:Comm:No such comm target registered: jupyter.widget.control
WARNING:Comm:No such comm: db1d9ec5-a389-41eb-ba63-a548553c07c3
INFO:root:Encrypted Output: b'gAAAAABkGIHRByyJEwVLk9z_f25p9YiMgMrEV4AO0nYfNPAoeG52M2TEgnfSivGPrYV6RJZnNO6R2DMJnFt6gzT3RbWCMIjI8Ks1AMfen8mnKfJf0A4U4pa35KrAiZzqtfbLclW8MrWO_hVYWR9N7zB1t_JYL5j0zEY3RlZdq3aUSA4fQh8KkH4='
INFO:root:Encrypted Output: b'gAAAAABkGIHRypixx55oKHNvILk2hqbf6w7Z8SHhb5fDcmyzUZOgdw72HFirhppZilhp_tWrYXe9WpdS5HbE_mGriHyV6Qov_UNZGK23m9kG6hCmrAGLQtlJLP3et3QdBEjI0KF9oEMM_6_tGhhsPQiTSc6UuN0big=='
INFO:root:Encrypted Output: b'gAAAAABkGIHRx7e5Ckcn08HbRFMcg798INd7YxXHjDaIAz0UWOGKmeA2VcPbpf1fWU5bI1TSe6HXT5kFHMHArUFlRcZScb2qDUsYpiVijaEEs-XwfjPS7fALU6YSQt9WakWCXg-WRpuECbxMjwfYkqA_BynEkoIMhrkHaqj3vMwnmyoGt6ERQeI='
INFO:root:Encrypted Output: b'gAAAAABkGIHRHIzD5RxxEcKj1Lr7t-SFs3XDcfWFfPr2jD07Lzi-6SyIH5HZrEU5sXeIzMalZmeiz2dsMAbmIQjCaqZnlySa8TRUPc3QTpMBsceF961J4fZNAPvx9B4ju4jgijKim7jCoXEg8Cl-h9R6BiSsBnlfKd6xj930XFcn_iKlN24ilmc='
INFO:root:Encrypted Output: b'gAAAAABkGIHRadAaajIB-x2UPp2TdV5tDVaTpy6qCm8aplDci2TzVIb7oyeu_XMO3XsrcIPQ1QhnNX_0FkGAY6vhQddHTGSpQOX7wMAHjRSlSwqERffemjaDwVjO2NO44QZauSFjzdwjLkLjtZvws9NeNOj3onRF4SxZDm6oZXjSYp7Euorppe1SC301iCH1sXzgGLLYwioMhUq2rvV2vvIpOKn_2skMuA=='
INFO:root:Encrypted Output: b'gAAAAABkGIHRgOLrq0RhFTriRGFsIS8EeOm_G0gzTyfK-Sz1Sz4-BQAnOpZ7rkkj_ErzeiEesrwctISDbyjGijjHKJeJ2J4VT9c-8VjQIGohG_gBQv8kNrVc44LKcKt5sCblLfk04tSjTHdFJDUg-ttXOHLKupFVsACxLWUkxQXn5_SQWBVmofw='
INFO:root:Encrypted Output: b'gAAAAABkGIHRiLuM5pSVgQELuDH6U-ICmU2z8bBBP2HtyIOHa49lFE4LXyTaNCcbF_OZhqVhdlEtCsLS1X4RYSdkrrVbL8ITwcsTJkffPQ3Mryj6haDJTFobHTMh-xqJgV9igsm7bz87VyAkwLLWFuiwWz83R12IWrIATbzNv2xWuj07WOV6414='
ERROR:Comm:No such comm target registered: jupyter.widget.control
WARNING:Comm:No such comm: 5560a701-f01b-42a2-8365-ff9de3fa190d
INFO:root:Encrypted Output: b'gAAAAABkGIL6ACFVKC6rVos18ni5vhT-N-GxICNnUSBgxbpceLdnph_tFbCnc8C1cpyac1Q7xJJfhKNsUny59BpWCxl7YUC49RiO3FVfDj141jKTyyqa3hXO0bWsQbTFoAn1tQUonE8i0KG8y5zqk-CFRFanDb36HQ=='
INFO:root:Encrypted Output: b'gAAAAABkGIL6y0-Ds9ziAAbxOzuXKJNZpjWhJyUMVDCpQP6xVaEuBTD1fkEWiuNnjmnj3yGb4uP12UnlGiKRYEXJiGHqnESxxgRA2v2uWEUtENZKyFl80eY0h4D2vBb2MNus7F-BhvLO_ycU6hVDsSUvYc6mV0r5Id4aEa_OFEIzcr3XiTqGWEM='
INFO:root:Encrypted Output: b'gAAAAABkGIL6dgXOcjNbQq2mVmMVyzEi2iW8dHmZEbtIOH6RWbz-W4KO5-Tt-zPgeFIwuhbDH2Em33x0hZVHli4cuagN5A2LzVlTDk2rDI09xxKNqTwHRsi6VreGiRirix09CWV-DLtFvUaqASLV5Eg4EmLbyAlKYw=='
INFO:root:Encrypted Output: b'gAAAAABkGIL6qdQj3WhfwpVCcjU8HSA03e5Smi9FJTyaeOaIKfmicwVTBxOsLPLSn6J0l-FWkFTh7ZDPFQr4DhcLWawV-dMiyKJNO19w_KEYi5hKOoBFFk3ah3UFFF8tHHEK6x8gih7T6X_cKUxai2UgG9H0Ic9wo3o0zyVVAgZFqR-vwz37p48='
INFO:root:Encrypted Output: b'gAAAAABkGIL6bVLnNSxHZGE2OoI5frNRz5_1i9PxUaT9vvgVM77X1i8Hvds7Q89OCNAmrTaQtNMoIrlDfB_pXVDQ6N67I8rBgcHCh3a26XjQN6XduloTXnOVENxSDvsVR2Sl6SUWAkvt21vFzbSVLE40euidZMZrra1Ca1jGtuHugB-gXSB7Zfk='
INFO:root:Encrypted Output: b'gAAAAABkGIL6ZZc9JtnlQH4iwQ0pXaqTGtTYGwP2PTMg-VSHc4MHRfPvSnGpzrU9e5hA75y2cK9dbgBhK99fSM00cYg1vopm-1aMPSTOAZWPg-O6XU5IuXq3y-ZIu16p5AWyZHJbWKKBdHANHRf4rW74on5vpLQ0-EINNQfw4FIP5ztG2u5G1Ms='
INFO:root:Encrypted Output: b'gAAAAABkGIL6YDo8NmTM3PjUpgZCA2iCwLKtbKiWDxFISnxYyN3LkbQCaFjIeOViNzZA4mrXJWcY4f_FliuHbMpagePYoISInJY139c8Vtod42CsyQ8z-M-Os9AlTvyXJKJTU7WcRKEcr5x-4qCaQo-d_W9RFCH81Ur_RN91L7QQjsf3UOaNwz0='
INFO:root:Encrypted Output: b'gAAAAABkGIMwSt3BEb0kVarsP5BYj5ShE_6XDgxxjC8QP4FE-oxYin3Axxxq_Ee57HosOE5K-7PsiAQ1NeNnGEwamWwiVs2VSOV31VRYs3jpNPJ96pFNASrF5T2J0w3-bYjhH7NAgYvVn8E8H0i3xL98A4WojTBEfQ=='
INFO:root:Encrypted Output: b'gAAAAABkGIMwTImqsCBQeG0Ogov7BANgAhVFyJnzWpbOBupn-KzttScC9u8lejwSan7UN0lkz1-iapjoBuF2gPmxMetwAJe1s1xKoEk0ce-pdSdY_vPrJIwVABAa4tDs94Sg4FD-mhbhWfumPxtat0ngYfPiISsl7HPmk0g8uIIU5ygRF1veU6M='
INFO:root:Encrypted Output: b'gAAAAABkGIMwj7RHFXF2c8_k8kg5A4344A3BGW3LJyPL32O0QZbN7coJoI4fW1RPvhWF0ix5gR8kNvFq1lJAJD9lZQaAS-p-dUhTne_RjCLjL0Z9hG5vI_jcp5mzRtkZetCRQos6AjdDq33o9K5F2gTX0Cg3mG2YQA=='
INFO:root:Encrypted Output: b'gAAAAABkGIMwJub2bxE5vfKPVWv3D7yRMomqnel7Mb3MsDPdxmE5j8DC56MIk7DGrpJZYbQXfwQ3nVLfbRMMl9Zj3cwklYMBtZ7o47FBvAw3aAYLwdv_iZkZMzOihrQfVtx9vytsMu3wBG1F09We5jOVku_mh8x0HQqLoqU62C2ws0c3AoLBOYE='
INFO:root:Encrypted Output: b'gAAAAABkGIMwK_vk4VC_RcUiBrTxpgiTg0YZwHdDZ2bDw30ESaI5AU3M7J7hqnXRjxwhb5aZ5c4uTUY5cpqshSPLeNiIvpM3k25fykceUS_ZpFvp1g1uiLvXS_e8br6gw4bfEGj-9BL43dJHGdYnUMz5c3Dy14lv7gNWmyIgkmkkXwLDVR21jkE='
INFO:root:Encrypted Output: b'gAAAAABkGIMwCZbueR-S8X9ipoPQt4r58FetxrIG5yo2ZY9LvYPDId9SZxnmVH3rhP3lriXY4tBrXQ9-_OroZSonOP3-0HpalWDIN1wXkmu_kVNUltUHs3tMRnWQquehiKRdV7Wx4pWQR3CC3MW_9ol-sUuKj6pGO-wccJoSDEb_OdOB0AWUO_w='
INFO:root:Encrypted Output: b'gAAAAABkGIMwWqiIk59-PvQzEjvP_uB8-VADA6uoGjcNj81lYlN9e0cS7XQhvb9_mBD_HLAEM1typArgerIx_iaKPw2JADL-NYvR-KU_aoBOFfX0x6Z0MQtddQVjqmKQguPl2Jx_eourY_JW3mO_eyuznBorNU05ijpjcKm3qrOgnVCEheiQgQy13Ah2tBOLruHEMPZUIfnV'
INFO:root:Encrypted Output: b'gAAAAABkGINy0JEU15ISsXuVcoghRtc1Yx37sP7Kl4nBNn4n83VG_NJD9KvO11N1FKF3PySjRt7wLy5XbDmMZmMNMf5jgqkbVVAJBKTGMOnpvJlftxMGsjVS4vdE8KhJ5X4bmKC5b8sN1ioolUfsv63udLYbESI34bRLZ5pzCa2-R2Mk_hiFqJA='
INFO:root:Encrypted Output: b'gAAAAABkGINyR1xdKZ14LEem07DRpVE_tXZLY425fmzOzp05--jaoqQc2BOYR-6w4vrZkLqqFvu43pJJL4ySKZZ0-tld6o0rq7hGaK2NXN_bxTIThr6OT3S9onjAOh36RUtBvRuv2fxygnom0O7QVqh8QXUP3x2ZvphZgif4qF0mnOoWLf88NVurham_VhWreQIWxrIFTuwd'
INFO:root:Encrypted Output: b'gAAAAABkGIOCRIBRcKbGfPgvHalp4np-vtfD05T5b9oKoe9cFFxOTPyrSaVs0UffsmDIEZEH_j_dGOrngz8xW2Ajn-ah_aiFVmlbiVbWl0Ct8-E9Tbtbwdk7_iCKR32jB2HA6gjt9mniFE3dJhVnVEHpGehAsI-6WbJ_excbUJ706eas1UmfF_o='
INFO:root:Encrypted Output: b'gAAAAABkGIOCXjsGZplEs6_7ruE1uv3T2QWdzU8mvvf7cGCdeSsIG4b3mCOFG1uKA6mwxvO4M0IGiA-H267dG_VkGop5I0MsvLK2U8g4rA0wdcmozw777B9AKj8yoziIkNNlqEfbqS5xYYhI1fvxcUPvKAT27L26PM2TIClhB4HTOZ7W8RWyJPgTQBprny9HWSLzhl4aGo-G'
ERROR:Comm:No such comm target registered: jupyter.widget.control
WARNING:Comm:No such comm: 1e37f226-0f27-4a94-953b-46437c03c33b
INFO:root:Encrypted Output: b'gAAAAABkGISdY1_9nYabaaT1pU2KSQjUkrfTFgf7-Q73Q5HbEsXKgcAJ7Av1XSMAf8QXM5ZPwzqyTstAdLXoiu62xsF9q6YIro6mgsYjKCD8Dt_c763ZbDMAIkFHhT_wlx7jX9DnHL1uXYonPgg2HL80lJnpt25vOSTu5_OIFPxhVCw8HLP0rK4='
INFO:root:Encrypted Output: b'gAAAAABkGISdXI2q9DBMqYgkPlO-h1RqR1aA52ijfBHQe7yOQBLuQNZECVpgJW9GPVH7Wbx4V3EPmcoWDazqOfsKCw9B6PUmqzFQKwyS9cVXyo-Bz9C4qWiKNk9Yp30XLQ5kFlBVrgQjmqYW9J8wuL2Ncosn0euuf1rJsmAdheS4zE4YJhBIPrCDBsrFOy3QoeZ-8LJ3b8vy'
INFO:root:Encrypted Output: b'gAAAAABkGISdoRcyAuKJYPvi0d5b8UlLkj09LOBIBsQE3ikJnwk3TTsdmduVr2aItkFliI6RGYd_hA3QUwG4X6HcAamx1Q8i_PMO4RlU29T9wMdms_pvO1T0lJkO5cXCcPqEajxNwkhVIfeI5cpN1ARcm1EA0s-Prg=='
INFO:root:Encrypted Output: b'gAAAAABkGISdcNfzSW2wsDvctPeTZQl48efjVJLhXg2PQ1ZWtHNw0xnIR8znguYfanQrIrWhALHk7rRHL_py7uLeiPmh5wC5I1A_AL88lXTdRny1GSZPLpr4QApVP3Dpd7-fLqkGYxoIY0KrsMfvV6gBe0eHHYokEg=='
INFO:root:Encrypted Output: b'gAAAAABkGIS46FAPsNFUrWNAglkT0QB5qkG5VNfydjEhOlL-rj6DLniS918Rx1DfB8lQFcnsbByIb24ZnMK_XQJZcmCmPScWhbqCQC7S7C6uB560lEfY5orfm89RjEdH_XNkOk_32t-5x99WCMq_AhDqHneInqDOJHpNcn4Mopuzh6odhiyia0A='
INFO:root:Encrypted Output: b'gAAAAABkGIS4D6nUFF2HfR4jxXnMH4GOuXY_w0BhWm3EwoFkmCt_hIk3eMjfko88FNbie0KWmG3lIv3trtGdVqFyiM130prSB4s-Z9-uaQ7755l5J99ly0Yf935PyE0xNhNmByG8Ru-5ai5KaJePI0EZJN-_PYahMWpZqg2tz9N_u7v6OLFuAao3BK9fuz0Hf3KLlgB1crxE'
INFO:root:Encrypted Output: b'gAAAAABkGIS4p9GgN24_w7EBvh13ZX7DK1QqF_PqhrNBoaGJatpq_Dqak95WEsv-SXVzXRggIjrCch-6R4eQwU0-ijD5VG2KaKksqNBaEhj6PgXVaD7Iw-XusY9ujc7_xehWTv-O8iJy7NxMeIbMo4G8l5I6PP9xrw=='
INFO:root:Encrypted Output: b'gAAAAABkGIS4mk9YlJBGZM-3l0Xa_PKt8QGgjXkZ4mHX2jL9nYRgTrYv9vGSjRSimIXdP-ZlH5Yd2UfCpXpCtbJti2-sOzZnTgCjLoPkLrTi96CHFAyEQjecnqbBPIOZxidGh56N4j8yEkyiBT3uIyD-iiOcELLm6w=='
INFO:root:Encrypted Output: b'gAAAAABkGIS-SqK2wb7fExpSzbObXv_jSyhD3G0XjfvYvDi6vJcljjpSK7z0xZ15lDI6CfZb-o--XbHPulH9HNuKw3i7Sq2K0sHd9oOIKzbJeiqFJLOoynMtFEbl7vLyl1Rs1bolMc_U8AjMEcXiMskKsu2TPb_nVq2Jx0xnCcIrSrz21BEcVF4='
INFO:root:Encrypted Output: b'gAAAAABkGIS-Ca8JqL3IgSG6NY2yrxLX8Mpu3x9PaVxUoM5fGd9jb08i07gngQ6bgfK4_-m8Wt0qIpavTEQ0_wHgOqmUfxVrYNNT_w0KbD5EOHUVQeI3QURcUcYwXbf8e6kYFKHYJUiq_pxkgFsIsLNEE-jGFUecRA=='
INFO:root:Encrypted Output: b'gAAAAABkGIS-5TOotD8e3Eu-zYSPQPRvZPpboqkePV-jz-0TO-NaeUO76j7gi0ajSP0aUfWX5MzJ-HqlttmnyjFuVKqDIosb_9w9BIGTvI11LsGwbjqBg037E_zsvT0ntD66uXQ6EVG-kqTIND0UOT5QC4dZImOQVMkAgVtGAaOQEqVoPKzWQ74='
INFO:root:Encrypted Output: b'gAAAAABkGIS-PKw0TNTPnBGYBej-IGcG1Cj86pYQxYgU1eWO_nIxnZi1TyWxkebYDoP7V6UzB6g94jJp8Fe25ZIe5_JGXwvfv5E8J02jnJ3nW3A6UFaLS4XcR3Hz5F8rL2UTuUA0_2vCZz0JdogOm_JNYVgKPY0qJg=='
INFO:root:Encrypted Output: b'gAAAAABkGIS-WAlRlFSf8nxgGzHTlA-lV2vHO-C3T0qdgDSLQfxu9TVWuoESrLpdlkVlfzQFoMlAVfsG4D4ohfzS9lx5Lt7oRiHguQc2OURTSnUs91fyGdlM3mDSVRn7zva7qwLLAE8UXN6KVokNK7gkTJh7Mns4yM2bVv2sf5IjsLT9-Ra7gZo='
INFO:root:Encrypted Output: b'gAAAAABkGIS-25HyzGMYl9-W6vSiENiIA7RTthZb0lMmtVHPoi3KU1gwZ5pFtTOgfsGUk2sXaSz14bnn_GaiiCeu88CyWiX4y2bdi4fYMkbfs7szdlHHRS6P4tg0jmryUJVddZy_MdTrri2_bhgpXpmfqO9HekIZLA=='
INFO:root:Encrypted Output: b'gAAAAABkGIS-5DWTtZQ7jL1sZaHFvq1V5frQXzNgthk8wsgBU19bjns9Dvdv8r7LzHe_ksACpJerC5Y1Tmcv0ZYnPpun_fjAFH468GDqDsiIbrywbOAyz8wFFWgp8aiu1CCJxrpuFCz4AEdVDqGA0tgujhXw8qirwnAgVaxWJjI75WEsJkpokCY='
INFO:root:Encrypted Output: b'gAAAAABkGIS-htzNeYINFhlRGC-uocAw9uP3mzaGiUMbjwIPRa53nibHrt3jChVOH8NqU24STebaStcPysjlqIiSfQAzc5iJk5Heu5aAQtSUdkcuN0lYAIVtzW7r-HtqyszMwoP2qHYFedwWcfb6weoWqk3ER0G8GA=='
ERROR:Comm:No such comm target registered: jupyter.widget.control
WARNING:Comm:No such comm: e153e5d7-c989-4bf5-8778-613756a2860c
INFO:root:Encrypted Output: b'gAAAAABkGIUoWiHTJ5K4LdZwoUuDPXDbwJ7KncDudnjRcgNMSlA2p4y2ta5ybl2aaQ1jS9GLnyCpDoBcAfmcBWYZCplMO_1CXvWhlED650PY7v_XYtzUt6yrTtuQiwlNYRQfzcPyBdIzKeq_INV88wK72HS_vlzAv7y5xkBmzJvqE4zN4WqxFCI='
INFO:root:Encrypted Output: b'gAAAAABkGIUoXxicbf0VzISyA-OeSKMTdz3idFmF99FKwEPfnnDG4Lh6B6fkfd256a4LLex67arC0Jrvp0d2WWLFMxpn7lcmu00ObMiOEpvmIS7TjEbS286tPCNljFgCGZKT95N6nxG1psA-KCnuddNRFZpB3qQmVfBGavF7rWVLQlSc2N-hfxELgXqfbiPKsgQercagUBTk'
INFO:root:Encrypted Output: b'gAAAAABkGIUoLUF9pOSsnKRWG-YUxERZoDiTfG8rNcZ1JToK3u4vg5GROMmbnV1A4Um4M97ITR7__UNmk0Bd8MtLX_Ub9d-ZOUE1rjYjloufTUoMR_X407EQGyF_zuNb5K6pXDzs7T6Sh497quA5KZCMbB4guiXQtA=='
INFO:root:Encrypted Output: b'gAAAAABkGIV9hRPDaXBkliXFajRf0exiS_4bxGDSeYtB-E9woazlLlYKWa6iqwN-8YWTjFJVxmQjoog6146EjYPVi32vR3heaKAania6wOoaVlEUVbaW3a-mnlpPkzuS-I8hvHHXJ-ZnYmM3n8IitH0KEhScQ2se0fA93YjLMI-CxJJKXGcBXg4='
INFO:root:Encrypted Output: b'gAAAAABkGIV9-zeCfdbegv5ckLbNLVoqRvEPJKX45YzRxXiTFwtmMlY8r3E7TM3Kx3DyQKZ2G_gUme6Fz-gv3xPGWAxDvKhRIFClfEtyM_WfyJvBZ7x3_v_2pfCph8wNjsPraQ8ZJTOJWSjV8J1D4lk2HHLFy-ELxTh8EfjztV_c65VTy4lBcq7Nj5nqqDBRPD9Py9NB2fp7'
INFO:root:Encrypted Output: b'gAAAAABkGIV9dKOXQVRM5fdvMRy3D_7QGkAiOLDJ1UAg--rmUtwfbXfYWHiW85JCf1amsuLy9zX4yfIsyiPwuXb3ie514WB9O8DX2MzsfcLdQ3j5O6pHwwPY-6kELzqtVhplmm_lpvUNFC_p7ya7c820845_QVmIHA=='
INFO:root:Encrypted Output: b'gAAAAABkGIV9yZiuXHZmqJ0yNRQh0FfSmIPTfeJyVtJVNefXAa8m_EVxoddR-aQadjwkCsZCS1CPDrYzRJpFhD4HWFrFixr38RwL3CkMgRXvTrynV1zFsYabsacX0n4MsD9f62XOmzQCzZjGv_AfJB6ZC3BKESWXnQ=='
ERROR:Comm:No such comm target registered: jupyter.widget.control
WARNING:Comm:No such comm: b4571834-c805-4bcd-af8c-7185ff97b23c
ERROR:Comm:No such comm target registered: jupyter.widget.control
WARNING:Comm:No such comm: f616a909-cafb-48f8-a1e8-5ff6e3a07d6d
INFO:root:Encrypted Output: b'gAAAAABkGIfC_aofqL6XdSHncDYfwzTG9S4IwcxQL_ZCOnTGJMdsqrCiLMGUac5XSdVmEgVdaTqwrS1SX3ThrlHAgGeKNdBsMNnP7QL70Jrf4JrCpvZ6sY7XC57BLkXOxXro_pOd3JmjRyZW7IOK5_OYCamH_sDwrw=='
INFO:root:Encrypted Output: b'gAAAAABkGIfCX30gJdcbFzQFh8tI9IUhnebDN3dBI_ljuY2BiMIw0MXXGvSiZPzV3k-6AdnFXy5P-vma3LttpbFG-2riZZhhF-thnjlVf-1TttwGtZig7QW0Xv2uNZy8HNEK3gd9RTHVxTAnhx7Vmvvx-GPVYGZxRZkaMh8OASYlGBoM21uelTM='
INFO:root:Encrypted Output: b'gAAAAABkGIfCKcGnKdyKDkN6qb3eXlMPivamfFuK83R7pfLOVCgEDkXZU8s2VwA8daZtOyNfRUOmg07ycBBcYHyDXUXnOCxsdreE-Lmvg6IgdVSij3raqWVkjP2G6d73-6bsMdr4umPY2P0nYoORuip-qaqlqReA4A=='
INFO:root:Encrypted Output: b'gAAAAABkGIfC7NG8SbgpQ-7ex9gs5dZ9Bhz4yx5RhZx4pf6gT8Z8_-0yVPQXqlWdqd4nDh7gls5EEPUmPJDAkjH5_3dRmYhty-wQIo5W0FIlZ36hyeEt5kx89tnBlc7zGj3YRlPmOLeQ34umWr4YcvOyrsIvgdsuLmayrxS148PVNofS3GEtHcI='
INFO:root:Encrypted Output: b'gAAAAABkGIfCufwPjHKejLAMnG1F4p7CfiVeDNOIEgFc5HBj3hY11XYN3sWHDoq2LP4eCb1CA2Uj14_8tYuiIiNZyW1xtju-b0Mt4eirfkVn18lOlYEBdN6GHE912Oo0XPT_QKCk5drHE1KgvEHxeq9spL2jmkNn9PMWJnIRED0dEshGIPjMqNk='
INFO:root:Encrypted Output: b'gAAAAABkGIfCDZUWMFdko-dl99mM_4DSs1vyz9wLz_JffGs4OYJIsluWOLV99-Bf2NuycwEodOz39o5Cwlj6REqyTHrhSqiwIqaU4xKtAd0hXhR-S7jxtzVg2vZIGOjjDnixjYJRaIvWO8-ax6-D8kMbcoGh-Q7tLASlwrIZIv_3cR2HCfZd1OA='
INFO:root:Encrypted Output: b'gAAAAABkGIfC015JyXJ5lTpfqBVsRBj3nQ5fuYK7l1pfIGPBG4aalaPO5EwWPxQ9e9o4EdPnEZ1IW6LV4IwjHp36n9mjjLzwY4HGxPlWqqtUILgWvgSY8rWxkZ4unDKOj_qnd8Oq78Pw_94u82VVc-vHgAvsjJa_-6KksCDGyGWXOSDXVZ_4GLxiN95gKYKPGiX-yZnCAK-N'
INFO:root:Encrypted Output: b'gAAAAABkGIfYnbR1pwDLHyDC_F5iLNCZ_KMEtWxSUglIBKOunA1WQj9ZnoFGIC4xXR75X72aA0_T-oYtv1ZIcMN06Ds0UHv7cIHqKc0Esl3rVIPV4pIRByHyxwgzRK2CqiFTBnCAqH0K0o1WRJ0G7fN4-BX7gJLmDg=='
INFO:root:Encrypted Output: b'gAAAAABkGIfY4vBXyg3KFic2O-FRVNxnhTfYXu_kFQi9HN6i6qhFsNCA3q-aHhtRYYcZ5vhZ-TrSlSiraBNlHZiF81cFOhwj3ffGOrMZSgAW3l6O_Gm7GmZBNJguh6brpyn0oapOP4cbRszq6NoD0crArtsldlzImfRatsQzL4TZ91lmMt_cndU='
INFO:root:Encrypted Output: b'gAAAAABkGIfYNB9FjtXAzD7tPifuZt2TFfctGOT_AgXjkL0_xT3AwPDyqsNSbtFNNoPKorJY5ZuubxJSFubj717lKPiJLU8U6UDhUIUPTQSEbBz7S4xBZbVnm0RTq7E_3jU2baE8endughwQJ71JqEdVRDyAYmvjfQ=='
INFO:root:Encrypted Output: b'gAAAAABkGIfYCI7VYCY18trstkmeCUsd6KbeNx-MgweR0mUTmLEPZ0TjLPx8fWnVuIlK5DKUPSgiLcSoPgvBnTVQcc7_hwWdUu_WsV-BG4NrEvoEamPDh4_L6VVAtxh8fccdjcPt8dnWX--ePwDJ7arucFkfgq8qRy2erfL13Uc448UYowxdcpY='
INFO:root:Encrypted Output: b'gAAAAABkGIfY-IU48EI3wwvzyOZQHT21i6GvlaqMYbtf987XyeZ66QCz9C5GP-KDaONFKtDEBEDRYRMCXP5gUr4EJLdJLgEU7o1xTiqBti0F_2I04K3GD9kLd3HPhj9mDr4U6mmbVE_mB7R2TYCE2_0nz7pMhzy-J468HXdQxIx0tgnt1OnXT1s='
INFO:root:Encrypted Output: b'gAAAAABkGIfY9Y0Rvu3xZXtVtbjRLE_ndyTiMuJUnRtqfU8It3xsKdPs6k1J2Ac-jaP2NfR-NHjBuQqz_pSrxOx9fAchicRMeTCrp8AfoMwed56N1QdZ_5KvEWRt7dPf9Vq2MjFKN0XX1AGFFCo0N6kyUTRa0H0wevVQrG6cAOJWIpZIz-ypxkA='
INFO:root:Encrypted Output: b'gAAAAABkGIfYGzzFQBD84LcPOOqDu7nJXecjNlI7EZb28K_jiFZ2_ZxFqXAtt4jj5MbFOKusfwIWNoV64U6sD3_PHC92pBSspMLd0cILwFtokv2DYgiISAWdyqZsIpVoZ-zB_L8jwEAw0-wq7F9YFhXQdEGjcW1TyTWOpMHnvLeku2y8gBG2p_pM-fmjT3BpiXZX04xi39O0'
INFO:root:Encrypted Output: b'gAAAAABkGIfnQ4m8TtSR8l2NaETlG7-d7bQ1sS4m_2BhVcSaqg6UR0QBFmSA_mGDeZf5KAKt4B_F_w_I8xvtKVCBzDwwzsVNaSlibseITw4V9Ue34Hvnnz0GZlg2zqNNp-pvsP1dBXG2wYx1g9qX7W9BiMknngd_hA=='
INFO:root:Encrypted Output: b'gAAAAABkGIfnw8-3LRa0Fn1zSQfv9xdMYtjlgNtbRXMXBgh3_2Qi-Mzy0oF5MHpXDaZxom5Ww-UOgEB437DXsD6hxtndxQbVFk3ykMdln8hHNA3wQ7TR2WhYYRZF9fEa99mJpDVrtHAyTSxf2NAKOOfsS5hkNN3-O8nBCN5PkW6d16E0cbxTMjA='
INFO:root:Encrypted Output: b'gAAAAABkGIfnNoFWUtfJvHmR6Ft4sB3-VmG5AsVj1UWDGDJ2isNDB07z8iQ4LGdtyF13EUMIVzTXmWbWW0ptdqeCF9dRyBTuyvAuY5cmqVAOpL60IzHBcEogghllwaUcnFWXSIOv42Onm79T3iyOpILnQsHkVzNIlA=='
INFO:root:Encrypted Output: b'gAAAAABkGIfnANkV-9y9naxwU75LiKDPNOKrXH_TUMiDJpV2zm9KOxAvNdvnz8q4dO6hei538tduYg_forqQHlFeFE7I_uXF4hRdFCA-B3WC52TJttgTMKhhm9BeZ4widZ15tgEbfxt1dQx-S_HwCaHZ5PG3TCU_L0S8Yxnf0GdNL3mlk75_ygs='
INFO:root:Encrypted Output: b'gAAAAABkGIfnGhwTQ1fDfhGQwzSmdo1sNQ3tCTLXIT24rF4QeRo7lG5TTYNk7GfcbPGVVZsnRtYtLWdoI_qnF__9cpU92tkKyEpM3DLZIo7i1uar0I_Z1TK79j5W2jSl8oRuRn6EvkcxXePVKirw4zR9LBZflchbyaGA-a2L7-nLokr0yLmjhZI='
INFO:root:Encrypted Output: b'gAAAAABkGIfnf-U57oqpXiEAX1scHQJwWOuEcWCqIQMx-RBdroPtUpKuHs3GcEPaWIQ2TNasFYoMP6BAUekt3pLLsmRbcN95Z4FC000iAITN-MFghBvPydETCgzEJz6jqddjq6t-H9aRzHnpYH-4wzK85klbwIlPme-ZajsZz7A_9zRZvrQZKsM='
INFO:root:Encrypted Output: b'gAAAAABkGIfnKDet12lYc4pJORl2Bd8HIPsN6zxRA8iQRu5g51DAcqcChNcyWe1Bi1I9vH9pz7Btf-DZMFyv7frguFwIFjwTN7dPWoUnPNxbixuQugfz_S0sxZtKB5st1VGGHCsSMgrJ5ggn3fIq1GpfmBrqfIsmJg9W3NxKIzg5FG8Ily4n8Z76lxBdLr6bLEJPKE-lwlVZ'
